SherlockAndroid-theothers/MyApplication/app/build/intermediates/manifest_merge_blame_file/debug/manifest-merger-blame-debug-report.txt
1<?xml version="1.0" encoding="utf-8"?>
2<manifest xmlns:android="http://schemas.android.com/apk/res/android"
3    package="com.example.myapplication"
4    android:versionCode="1"
5    android:versionName="1.0" >
6
7    <uses-sdk
8        android:minSdkVersion="21"
8-->src\main\AndroidManifest.xml
9        android:targetSdkVersion="32" />
9-->src\main\AndroidManifest.xml
10
11    <uses-permission android:name="android.permission.INTERNET" />
11-->src\main\AndroidManifest.xml:5:5-67
11-->src\main\AndroidManifest.xml:5:22-64
12
13    <application
13-->src\main\AndroidManifest.xml:7:5-73:19
14        android:allowBackup="true"
14-->src\main\AndroidManifest.xml:8:9-35
15        android:appComponentFactory="androidx.core.app.CoreComponentFactory"
15-->[androidx.core:core:1.7.0] AndroidManifest.xml:24:18-86
16        android:dataExtractionRules="@xml/data_extraction_rules"
16-->src\main\AndroidManifest.xml:9:9-65
17        android:debuggable="true"
18        android:fullBackupContent="@xml/backup_rules"
18-->src\main\AndroidManifest.xml:10:9-54
19        android:icon="@drawable/ic_launcher"
19-->src\main\AndroidManifest.xml:11:9-45
20        android:label="刘炳阳"
20-->src\main\AndroidManifest.xml:12:9-28
21        android:supportsRtl="true"
21-->src\main\AndroidManifest.xml:13:9-35
22        android:testOnly="true"
23        android:theme="@style/Theme.AppCompat.Light.NoActionBar"
23-->src\main\AndroidManifest.xml:14:9-65
24        android:usesCleartextTraffic="true" >
24-->src\main\AndroidManifest.xml:15:9-44
25        <activity
25-->src\main\AndroidManifest.xml:17:9-30:20
26            android:name="com.example.myapplication.Lancher"
26-->src\main\AndroidManifest.xml:18:13-36
27            android:exported="true" >
27-->src\main\AndroidManifest.xml:19:13-36
28            <intent-filter>
28-->src\main\AndroidManifest.xml:20:13-24:29
29                <action android:name="android.intent.action.MAIN" />
29-->src\main\AndroidManifest.xml:21:17-69
29-->src\main\AndroidManifest.xml:21:25-66
30
31                <category android:name="android.intent.category.LAUNCHER" />
31-->src\main\AndroidManifest.xml:23:17-77
31-->src\main\AndroidManifest.xml:23:27-74
32            </intent-filter>
33
34            <meta-data
34-->src\main\AndroidManifest.xml:27:13-29:36
35                android:name="android.app.lib_name"
35-->src\main\AndroidManifest.xml:28:17-52
36                android:value="" />
36-->src\main\AndroidManifest.xml:29:17-33
37        </activity>
38        <activity
38-->src\main\AndroidManifest.xml:31:9-37:20
39            android:name="com.example.myapplication.MainpageCinemaItem"
39-->src\main\AndroidManifest.xml:32:13-47
40            android:exported="false" >
40-->src\main\AndroidManifest.xml:33:13-37
41            <meta-data
41-->src\main\AndroidManifest.xml:27:13-29:36
42                android:name="android.app.lib_name"
42-->src\main\AndroidManifest.xml:28:17-52
43                android:value="" />
43-->src\main\AndroidManifest.xml:29:17-33
44        </activity>
45        <activity
45-->src\main\AndroidManifest.xml:38:9-44:20
46            android:name="com.example.myapplication.DetailedCinemaThings"
46-->src\main\AndroidManifest.xml:39:13-49
47            android:exported="false" >
47-->src\main\AndroidManifest.xml:40:13-37
48            <meta-data
48-->src\main\AndroidManifest.xml:27:13-29:36
49                android:name="android.app.lib_name"
49-->src\main\AndroidManifest.xml:28:17-52
50                android:value="" />
50-->src\main\AndroidManifest.xml:29:17-33
51        </activity>
52        <activity
52-->src\main\AndroidManifest.xml:45:9-51:20
53            android:name="com.example.myapplication.TabPagerAdapter"
53-->src\main\AndroidManifest.xml:46:13-44
54            android:exported="false" >
54-->src\main\AndroidManifest.xml:47:13-37
55            <meta-data
55-->src\main\AndroidManifest.xml:27:13-29:36
56                android:name="android.app.lib_name"
56-->src\main\AndroidManifest.xml:28:17-52
57                android:value="" />
57-->src\main\AndroidManifest.xml:29:17-33
58        </activity>
59        <activity
59-->src\main\AndroidManifest.xml:52:9-58:20
60            android:name="com.example.myapplication.RegisterActivity"
60-->src\main\AndroidManifest.xml:53:13-45
61            android:exported="false" >
61-->src\main\AndroidManifest.xml:54:13-37
62            <meta-data
62-->src\main\AndroidManifest.xml:27:13-29:36
63                android:name="android.app.lib_name"
63-->src\main\AndroidManifest.xml:28:17-52
64                android:value="" />
64-->src\main\AndroidManifest.xml:29:17-33
65        </activity>
66        <activity
66-->src\main\AndroidManifest.xml:59:9-65:20
67            android:name="com.example.myapplication.LoginActivity"
67-->src\main\AndroidManifest.xml:60:13-42
68            android:exported="false" >
68-->src\main\AndroidManifest.xml:61:13-37
69            <meta-data
69-->src\main\AndroidManifest.xml:27:13-29:36
70                android:name="android.app.lib_name"
70-->src\main\AndroidManifest.xml:28:17-52
71                android:value="" />
71-->src\main\AndroidManifest.xml:29:17-33
72        </activity>
73        <activity
73-->src\main\AndroidManifest.xml:66:9-72:20
74            android:name="com.example.myapplication.MainActivity"
74-->src\main\AndroidManifest.xml:67:13-41
75            android:exported="false" >
75-->src\main\AndroidManifest.xml:68:13-37
76            <meta-data
76-->src\main\AndroidManifest.xml:27:13-29:36
77                android:name="android.app.lib_name"
77-->src\main\AndroidManifest.xml:28:17-52
78                android:value="" />
78-->src\main\AndroidManifest.xml:29:17-33
79        </activity>
80
81        <provider
81-->[androidx.emoji2:emoji2:1.0.0] AndroidManifest.xml:26:9-34:20
82            android:name="androidx.startup.InitializationProvider"
82-->[androidx.emoji2:emoji2:1.0.0] AndroidManifest.xml:27:13-67
83            android:authorities="com.example.myapplication.androidx-startup"
83-->[androidx.emoji2:emoji2:1.0.0] AndroidManifest.xml:28:13-68
84            android:exported="false" >
84-->[androidx.emoji2:emoji2:1.0.0] AndroidManifest.xml:29:13-37
85            <meta-data
85-->[androidx.emoji2:emoji2:1.0.0] AndroidManifest.xml:31:13-33:52
86                android:name="androidx.emoji2.text.EmojiCompatInitializer"
86-->[androidx.emoji2:emoji2:1.0.0] AndroidManifest.xml:32:17-75
87                android:value="androidx.startup" />
87-->[androidx.emoji2:emoji2:1.0.0] AndroidManifest.xml:33:17-49
88            <meta-data
88-->[androidx.lifecycle:lifecycle-process:2.4.0] AndroidManifest.xml:31:13-33:52
89                android:name="androidx.lifecycle.ProcessLifecycleInitializer"
89-->[androidx.lifecycle:lifecycle-process:2.4.0] AndroidManifest.xml:32:17-78
90                android:value="androidx.startup" />
90-->[androidx.lifecycle:lifecycle-process:2.4.0] AndroidManifest.xml:33:17-49
91        </provider>
92    </application>
93
94</manifest>